<?xml version="1.0" encoding="UTF-8"?>
<testng-results skipped="0" failed="0" ignored="0" total="4" passed="4">
  <reporter-output>
  </reporter-output>
  <suite name="Default suite" duration-ms="59636" started-at="2019-08-03T08:27:51Z" finished-at="2019-08-03T08:28:51Z">
    <groups>
    </groups>
    <test name="Default test" duration-ms="59636" started-at="2019-08-03T08:27:51Z" finished-at="2019-08-03T08:28:51Z">
      <class name="TestClass.BaseClass">
        <test-method status="PASS" signature="StartBrowser()[pri:0, instance:TestClass.BaseClass@482f8f11]" name="StartBrowser" is-config="true" duration-ms="15619" started-at="2019-08-03T08:27:51Z" finished-at="2019-08-03T08:28:07Z">
          <reporter-output>
          </reporter-output>
        </test-method> <!-- StartBrowser -->
        <test-method status="PASS" signature="StartFacebook(java.lang.String, java.lang.String)[pri:0, instance:TestClass.BaseClass@482f8f11]" name="StartFacebook" duration-ms="201" started-at="2019-08-03T08:28:07Z" data-provider="testData" finished-at="2019-08-03T08:28:07Z">
          <params>
            <param index="0">
              <value>
                <![CDATA[test1]]>
              </value>
            </param>
            <param index="1">
              <value>
                <![CDATA[test2]]>
              </value>
            </param>
          </params>
          <reporter-output>
          </reporter-output>
        </test-method> <!-- StartFacebook -->
        <test-method status="PASS" signature="closebrowser()[pri:0, instance:TestClass.BaseClass@482f8f11]" name="closebrowser" is-config="true" duration-ms="616" started-at="2019-08-03T08:28:07Z" finished-at="2019-08-03T08:28:08Z">
          <reporter-output>
          </reporter-output>
        </test-method> <!-- closebrowser -->
        <test-method status="PASS" signature="StartBrowser()[pri:0, instance:TestClass.BaseClass@482f8f11]" name="StartBrowser" is-config="true" duration-ms="17570" started-at="2019-08-03T08:28:08Z" finished-at="2019-08-03T08:28:25Z">
          <reporter-output>
          </reporter-output>
        </test-method> <!-- StartBrowser -->
        <test-method status="PASS" signature="StartFacebook(java.lang.String, java.lang.String)[pri:0, instance:TestClass.BaseClass@482f8f11]" name="StartFacebook" duration-ms="162" started-at="2019-08-03T08:28:25Z" data-provider="testData" finished-at="2019-08-03T08:28:26Z">
          <params>
            <param index="0">
              <value>
                <![CDATA[test3]]>
              </value>
            </param>
            <param index="1">
              <value>
                <![CDATA[test4]]>
              </value>
            </param>
          </params>
          <reporter-output>
          </reporter-output>
        </test-method> <!-- StartFacebook -->
        <test-method status="PASS" signature="closebrowser()[pri:0, instance:TestClass.BaseClass@482f8f11]" name="closebrowser" is-config="true" duration-ms="599" started-at="2019-08-03T08:28:26Z" finished-at="2019-08-03T08:28:26Z">
          <reporter-output>
          </reporter-output>
        </test-method> <!-- closebrowser -->
        <test-method status="PASS" signature="StartBrowser()[pri:0, instance:TestClass.BaseClass@482f8f11]" name="StartBrowser" is-config="true" duration-ms="12597" started-at="2019-08-03T08:28:26Z" finished-at="2019-08-03T08:28:39Z">
          <reporter-output>
          </reporter-output>
        </test-method> <!-- StartBrowser -->
        <test-method status="PASS" signature="enterdetails(java.lang.String, java.lang.String)[pri:0, instance:TestClass.BaseClass@482f8f11]" name="enterdetails" duration-ms="166" started-at="2019-08-03T08:28:39Z" data-provider="testData" depends-on-methods="TestClass.BaseClass.StartFacebook" finished-at="2019-08-03T08:28:39Z">
          <params>
            <param index="0">
              <value>
                <![CDATA[test1]]>
              </value>
            </param>
            <param index="1">
              <value>
                <![CDATA[test2]]>
              </value>
            </param>
          </params>
          <reporter-output>
          </reporter-output>
        </test-method> <!-- enterdetails -->
        <test-method status="PASS" signature="closebrowser()[pri:0, instance:TestClass.BaseClass@482f8f11]" name="closebrowser" is-config="true" duration-ms="592" started-at="2019-08-03T08:28:39Z" finished-at="2019-08-03T08:28:40Z">
          <reporter-output>
          </reporter-output>
        </test-method> <!-- closebrowser -->
        <test-method status="PASS" signature="StartBrowser()[pri:0, instance:TestClass.BaseClass@482f8f11]" name="StartBrowser" is-config="true" duration-ms="10667" started-at="2019-08-03T08:28:40Z" finished-at="2019-08-03T08:28:50Z">
          <reporter-output>
          </reporter-output>
        </test-method> <!-- StartBrowser -->
        <test-method status="PASS" signature="enterdetails(java.lang.String, java.lang.String)[pri:0, instance:TestClass.BaseClass@482f8f11]" name="enterdetails" duration-ms="178" started-at="2019-08-03T08:28:50Z" data-provider="testData" depends-on-methods="TestClass.BaseClass.StartFacebook" finished-at="2019-08-03T08:28:50Z">
          <params>
            <param index="0">
              <value>
                <![CDATA[test3]]>
              </value>
            </param>
            <param index="1">
              <value>
                <![CDATA[test4]]>
              </value>
            </param>
          </params>
          <reporter-output>
          </reporter-output>
        </test-method> <!-- enterdetails -->
        <test-method status="PASS" signature="closebrowser()[pri:0, instance:TestClass.BaseClass@482f8f11]" name="closebrowser" is-config="true" duration-ms="636" started-at="2019-08-03T08:28:50Z" finished-at="2019-08-03T08:28:51Z">
          <reporter-output>
          </reporter-output>
        </test-method> <!-- closebrowser -->
      </class> <!-- TestClass.BaseClass -->
    </test> <!-- Default test -->
  </suite> <!-- Default suite -->
</testng-results>
