<?xml version="1.0" encoding="UTF-8"?>
<testng-results skipped="0" failed="0" ignored="0" total="1" passed="1">
  <reporter-output>
  </reporter-output>
  <suite name="Default suite" duration-ms="19471" started-at="2019-08-03T10:01:46Z" finished-at="2019-08-03T10:02:06Z">
    <groups>
    </groups>
    <test name="Default test" duration-ms="19471" started-at="2019-08-03T10:01:46Z" finished-at="2019-08-03T10:02:06Z">
      <class name="TestClass.HibridFramework">
        <test-method status="PASS" signature="StartBrowser()[pri:0, instance:TestClass.HibridFramework@ae45eb6]" name="StartBrowser" is-config="true" duration-ms="12642" started-at="2019-08-03T10:01:46Z" finished-at="2019-08-03T10:01:59Z">
          <reporter-output>
          </reporter-output>
        </test-method> <!-- StartBrowser -->
        <test-method status="PASS" signature="StartFacebook()[pri:0, instance:TestClass.HibridFramework@ae45eb6]" name="StartFacebook" duration-ms="6210" started-at="2019-08-03T10:01:59Z" finished-at="2019-08-03T10:02:05Z">
          <reporter-output>
          </reporter-output>
        </test-method> <!-- StartFacebook -->
        <test-method status="PASS" signature="closebrowser()[pri:0, instance:TestClass.HibridFramework@ae45eb6]" name="closebrowser" is-config="true" duration-ms="599" started-at="2019-08-03T10:02:05Z" finished-at="2019-08-03T10:02:06Z">
          <reporter-output>
          </reporter-output>
        </test-method> <!-- closebrowser -->
      </class> <!-- TestClass.HibridFramework -->
    </test> <!-- Default test -->
  </suite> <!-- Default suite -->
</testng-results>
