<?xml version="1.0" encoding="UTF-8"?>
<!-- Generated by org.testng.reporters.JUnitXMLReporter -->
<testsuite hostname="Selenium-PC" ignored="0" name="Default test" tests="4" failures="0" timestamp="03 Aug 2019 08:28:51 GMT" time="59.636" errors="0">
  <testcase name="StartFacebook" time="0.201" classname="TestClass.BaseClass"/>
  <testcase name="StartFacebook" time="0.162" classname="TestClass.BaseClass"/>
  <testcase name="enterdetails" time="0.166" classname="TestClass.BaseClass"/>
  <testcase name="enterdetails" time="0.178" classname="TestClass.BaseClass"/>
</testsuite> <!-- Default test -->
