<?xml version="1.0" encoding="UTF-8"?>
<!-- Generated by org.testng.reporters.JUnitXMLReporter -->
<testsuite hostname="Selenium-PC" ignored="0" name="Test" tests="5" failures="0" timestamp="03 Aug 2019 08:58:22 GMT" time="42.596" errors="0">
  <testcase name="StartFacebook" time="0.203" classname="TestClass.BaseClass"/>
  <testcase name="StartFacebook" time="0.187" classname="TestClass.BaseClass"/>
  <testcase name="enterdetails" time="0.167" classname="TestClass.BaseClass"/>
  <testcase name="enterdetails" time="0.179" classname="TestClass.BaseClass"/>
  <testcase name="test3" time="0.003" classname="TestClass.Annotation"/>
</testsuite> <!-- Test -->
